2013-05-02 08:26:47.861 [error] emulator Error in process <0.416.0> on node 'zdft@localhost' with exit value: {{case_clause,closed},[{cowboy_protocol,execute,4,[{file,"src/cowboy_protocol.erl"},{line,514}]}]}


2013-05-02 08:26:47.878 [error] <0.148.0> Supervisor {<0.148.0>,ranch_conns_sup} had child ranch_conns_sup started with {ranch_conns_sup,start_protocol,undefined} at <0.416.0> exit with reason no case clause matching closed in cowboy_protocol:execute/4 line 514 in context child_terminated
2013-05-02 08:31:10.648 [error] emulator Error in process <0.448.0> on node 'zdft@localhost' with exit value: {{case_clause,closed},[{cowboy_protocol,execute,4,[{file,"src/cowboy_protocol.erl"},{line,514}]}]}


2013-05-02 08:31:10.648 [error] <0.148.0> Supervisor {<0.148.0>,ranch_conns_sup} had child ranch_conns_sup started with {ranch_conns_sup,start_protocol,undefined} at <0.448.0> exit with reason no case clause matching closed in cowboy_protocol:execute/4 line 514 in context child_terminated
2013-05-02 08:31:18.892 [error] emulator Error in process <0.458.0> on node 'zdft@localhost' with exit value: {{case_clause,closed},[{cowboy_protocol,execute,4,[{file,"src/cowboy_protocol.erl"},{line,514}]}]}


2013-05-02 08:31:18.893 [error] <0.148.0> Supervisor {<0.148.0>,ranch_conns_sup} had child ranch_conns_sup started with {ranch_conns_sup,start_protocol,undefined} at <0.458.0> exit with reason no case clause matching closed in cowboy_protocol:execute/4 line 514 in context child_terminated
2013-05-02 08:35:34.852 [error] emulator Error in process <0.504.0> on node 'zdft@localhost' with exit value: {{case_clause,closed},[{cowboy_protocol,execute,4,[{file,"src/cowboy_protocol.erl"},{line,514}]}]}


2013-05-02 08:35:34.852 [error] <0.148.0> Supervisor {<0.148.0>,ranch_conns_sup} had child ranch_conns_sup started with {ranch_conns_sup,start_protocol,undefined} at <0.504.0> exit with reason no case clause matching closed in cowboy_protocol:execute/4 line 514 in context child_terminated
2013-05-02 08:38:26.223 [error] emulator Error in process <0.518.0> on node 'zdft@localhost' with exit value: {{case_clause,closed},[{cowboy_protocol,execute,4,[{file,"src/cowboy_protocol.erl"},{line,514}]}]}


2013-05-02 08:38:26.224 [error] <0.148.0> Supervisor {<0.148.0>,ranch_conns_sup} had child ranch_conns_sup started with {ranch_conns_sup,start_protocol,undefined} at <0.518.0> exit with reason no case clause matching closed in cowboy_protocol:execute/4 line 514 in context child_terminated
2013-05-02 08:45:57.319 [error] emulator Error in process <0.532.0> on node 'zdft@localhost' with exit value: {{case_clause,closed},[{cowboy_protocol,execute,4,[{file,"src/cowboy_protocol.erl"},{line,514}]}]}


2013-05-02 08:45:57.320 [error] <0.148.0> Supervisor {<0.148.0>,ranch_conns_sup} had child ranch_conns_sup started with {ranch_conns_sup,start_protocol,undefined} at <0.532.0> exit with reason no case clause matching closed in cowboy_protocol:execute/4 line 514 in context child_terminated
2013-05-02 08:47:09.365 [error] emulator Error in process <0.546.0> on node 'zdft@localhost' with exit value: {{case_clause,closed},[{cowboy_protocol,execute,4,[{file,"src/cowboy_protocol.erl"},{line,514}]}]}


2013-05-02 08:47:09.365 [error] <0.148.0> Supervisor {<0.148.0>,ranch_conns_sup} had child ranch_conns_sup started with {ranch_conns_sup,start_protocol,undefined} at <0.546.0> exit with reason no case clause matching closed in cowboy_protocol:execute/4 line 514 in context child_terminated
2013-05-02 08:48:55.137 [error] emulator Error in process <0.588.0> on node 'zdft@localhost' with exit value: {{case_clause,closed},[{cowboy_protocol,execute,4,[{file,"src/cowboy_protocol.erl"},{line,514}]}]}


2013-05-02 08:48:55.138 [error] <0.148.0> Supervisor {<0.148.0>,ranch_conns_sup} had child ranch_conns_sup started with {ranch_conns_sup,start_protocol,undefined} at <0.588.0> exit with reason no case clause matching closed in cowboy_protocol:execute/4 line 514 in context child_terminated
2013-05-02 09:01:00.895 [error] emulator Error in process <0.617.0> on node 'zdft@localhost' with exit value: {{case_clause,closed},[{cowboy_protocol,execute,4,[{file,"src/cowboy_protocol.erl"},{line,514}]}]}


2013-05-02 09:01:00.896 [error] <0.148.0> Supervisor {<0.148.0>,ranch_conns_sup} had child ranch_conns_sup started with {ranch_conns_sup,start_protocol,undefined} at <0.617.0> exit with reason no case clause matching closed in cowboy_protocol:execute/4 line 514 in context child_terminated
2013-05-02 09:03:06.238 [error] emulator Error in process <0.661.0> on node 'zdft@localhost' with exit value: {{case_clause,closed},[{cowboy_protocol,execute,4,[{file,"src/cowboy_protocol.erl"},{line,514}]}]}


2013-05-02 09:03:06.238 [error] <0.148.0> Supervisor {<0.148.0>,ranch_conns_sup} had child ranch_conns_sup started with {ranch_conns_sup,start_protocol,undefined} at <0.661.0> exit with reason no case clause matching closed in cowboy_protocol:execute/4 line 514 in context child_terminated
2013-05-02 09:03:51.502 [error] emulator Error in process <0.665.0> on node 'zdft@localhost' with exit value: {{case_clause,closed},[{cowboy_protocol,execute,4,[{file,"src/cowboy_protocol.erl"},{line,514}]}]}


2013-05-02 09:03:51.503 [error] <0.148.0> Supervisor {<0.148.0>,ranch_conns_sup} had child ranch_conns_sup started with {ranch_conns_sup,start_protocol,undefined} at <0.665.0> exit with reason no case clause matching closed in cowboy_protocol:execute/4 line 514 in context child_terminated
2013-05-03 05:01:21.359 [error] emulator Error in process <0.679.0> on node 'zdft@localhost' with exit value: {{case_clause,closed},[{cowboy_protocol,execute,4,[{file,"src/cowboy_protocol.erl"},{line,514}]}]}


2013-05-03 05:01:21.360 [error] <0.148.0> Supervisor {<0.148.0>,ranch_conns_sup} had child ranch_conns_sup started with {ranch_conns_sup,start_protocol,undefined} at <0.679.0> exit with reason no case clause matching closed in cowboy_protocol:execute/4 line 514 in context child_terminated
2013-05-03 05:01:43.295 [error] emulator Error in process <0.693.0> on node 'zdft@localhost' with exit value: {{case_clause,closed},[{cowboy_protocol,execute,4,[{file,"src/cowboy_protocol.erl"},{line,514}]}]}


2013-05-03 05:01:43.295 [error] <0.148.0> Supervisor {<0.148.0>,ranch_conns_sup} had child ranch_conns_sup started with {ranch_conns_sup,start_protocol,undefined} at <0.693.0> exit with reason no case clause matching closed in cowboy_protocol:execute/4 line 514 in context child_terminated
2013-05-03 05:13:39.972 [error] emulator Error in process <0.707.0> on node 'zdft@localhost' with exit value: {{case_clause,closed},[{cowboy_protocol,execute,4,[{file,"src/cowboy_protocol.erl"},{line,514}]}]}


2013-05-03 05:13:39.972 [error] <0.148.0> Supervisor {<0.148.0>,ranch_conns_sup} had child ranch_conns_sup started with {ranch_conns_sup,start_protocol,undefined} at <0.707.0> exit with reason no case clause matching closed in cowboy_protocol:execute/4 line 514 in context child_terminated
2013-05-03 05:14:36.113 [error] emulator Error in process <0.721.0> on node 'zdft@localhost' with exit value: {{case_clause,closed},[{cowboy_protocol,execute,4,[{file,"src/cowboy_protocol.erl"},{line,514}]}]}


2013-05-03 05:14:36.114 [error] <0.148.0> Supervisor {<0.148.0>,ranch_conns_sup} had child ranch_conns_sup started with {ranch_conns_sup,start_protocol,undefined} at <0.721.0> exit with reason no case clause matching closed in cowboy_protocol:execute/4 line 514 in context child_terminated
2013-05-03 05:15:27.939 [error] emulator Error in process <0.735.0> on node 'zdft@localhost' with exit value: {{case_clause,closed},[{cowboy_protocol,execute,4,[{file,"src/cowboy_protocol.erl"},{line,514}]}]}


2013-05-03 05:15:27.939 [error] <0.148.0> Supervisor {<0.148.0>,ranch_conns_sup} had child ranch_conns_sup started with {ranch_conns_sup,start_protocol,undefined} at <0.735.0> exit with reason no case clause matching closed in cowboy_protocol:execute/4 line 514 in context child_terminated
2013-05-03 05:16:24.754 [error] emulator Error in process <0.752.0> on node 'zdft@localhost' with exit value: {{case_clause,closed},[{cowboy_protocol,execute,4,[{file,"src/cowboy_protocol.erl"},{line,514}]}]}


2013-05-03 05:16:24.755 [error] <0.148.0> Supervisor {<0.148.0>,ranch_conns_sup} had child ranch_conns_sup started with {ranch_conns_sup,start_protocol,undefined} at <0.752.0> exit with reason no case clause matching closed in cowboy_protocol:execute/4 line 514 in context child_terminated
2013-05-03 05:46:51.205 [error] emulator Error in process <0.788.0> on node 'zdft@localhost' with exit value: {{case_clause,closed},[{cowboy_protocol,execute,4,[{file,"src/cowboy_protocol.erl"},{line,514}]}]}


2013-05-03 05:46:51.214 [error] <0.148.0> Supervisor {<0.148.0>,ranch_conns_sup} had child ranch_conns_sup started with {ranch_conns_sup,start_protocol,undefined} at <0.788.0> exit with reason no case clause matching closed in cowboy_protocol:execute/4 line 514 in context child_terminated
2013-05-03 06:05:13.248 [error] emulator Error in process <0.807.0> on node 'zdft@localhost' with exit value: {{case_clause,closed},[{cowboy_protocol,execute,4,[{file,"src/cowboy_protocol.erl"},{line,514}]}]}


2013-05-03 06:05:13.265 [error] <0.148.0> Supervisor {<0.148.0>,ranch_conns_sup} had child ranch_conns_sup started with {ranch_conns_sup,start_protocol,undefined} at <0.807.0> exit with reason no case clause matching closed in cowboy_protocol:execute/4 line 514 in context child_terminated
2013-05-03 06:06:24.562 [error] emulator Error in process <0.811.0> on node 'zdft@localhost' with exit value: {{case_clause,closed},[{cowboy_protocol,execute,4,[{file,"src/cowboy_protocol.erl"},{line,514}]}]}


2013-05-03 06:06:24.563 [error] <0.148.0> Supervisor {<0.148.0>,ranch_conns_sup} had child ranch_conns_sup started with {ranch_conns_sup,start_protocol,undefined} at <0.811.0> exit with reason no case clause matching closed in cowboy_protocol:execute/4 line 514 in context child_terminated
2013-05-03 06:08:21.826 [error] emulator Error in process <0.825.0> on node 'zdft@localhost' with exit value: {{case_clause,closed},[{cowboy_protocol,execute,4,[{file,"src/cowboy_protocol.erl"},{line,514}]}]}


2013-05-03 06:08:21.826 [error] <0.148.0> Supervisor {<0.148.0>,ranch_conns_sup} had child ranch_conns_sup started with {ranch_conns_sup,start_protocol,undefined} at <0.825.0> exit with reason no case clause matching closed in cowboy_protocol:execute/4 line 514 in context child_terminated
2013-05-03 06:08:55.333 [error] emulator Error in process <0.839.0> on node 'zdft@localhost' with exit value: {{case_clause,closed},[{cowboy_protocol,execute,4,[{file,"src/cowboy_protocol.erl"},{line,514}]}]}


2013-05-03 06:08:55.333 [error] <0.148.0> Supervisor {<0.148.0>,ranch_conns_sup} had child ranch_conns_sup started with {ranch_conns_sup,start_protocol,undefined} at <0.839.0> exit with reason no case clause matching closed in cowboy_protocol:execute/4 line 514 in context child_terminated
2013-05-03 06:10:26.324 [error] emulator Error in process <0.853.0> on node 'zdft@localhost' with exit value: {{case_clause,closed},[{cowboy_protocol,execute,4,[{file,"src/cowboy_protocol.erl"},{line,514}]}]}


2013-05-03 06:10:26.325 [error] <0.148.0> Supervisor {<0.148.0>,ranch_conns_sup} had child ranch_conns_sup started with {ranch_conns_sup,start_protocol,undefined} at <0.853.0> exit with reason no case clause matching closed in cowboy_protocol:execute/4 line 514 in context child_terminated
2013-05-03 06:13:42.233 [error] emulator Error in process <0.883.0> on node 'zdft@localhost' with exit value: {{case_clause,closed},[{cowboy_protocol,execute,4,[{file,"src/cowboy_protocol.erl"},{line,514}]}]}


2013-05-03 06:13:42.233 [error] <0.148.0> Supervisor {<0.148.0>,ranch_conns_sup} had child ranch_conns_sup started with {ranch_conns_sup,start_protocol,undefined} at <0.883.0> exit with reason no case clause matching closed in cowboy_protocol:execute/4 line 514 in context child_terminated
2013-05-03 06:20:11.616 [error] emulator Error in process <0.909.0> on node 'zdft@localhost' with exit value: {{case_clause,closed},[{cowboy_protocol,execute,4,[{file,"src/cowboy_protocol.erl"},{line,514}]}]}


2013-05-03 06:20:11.616 [error] <0.148.0> Supervisor {<0.148.0>,ranch_conns_sup} had child ranch_conns_sup started with {ranch_conns_sup,start_protocol,undefined} at <0.909.0> exit with reason no case clause matching closed in cowboy_protocol:execute/4 line 514 in context child_terminated
2013-05-03 06:21:22.483 [error] emulator Error in process <0.921.0> on node 'zdft@localhost' with exit value: {{case_clause,closed},[{cowboy_protocol,execute,4,[{file,"src/cowboy_protocol.erl"},{line,514}]}]}


2013-05-03 06:21:22.483 [error] <0.148.0> Supervisor {<0.148.0>,ranch_conns_sup} had child ranch_conns_sup started with {ranch_conns_sup,start_protocol,undefined} at <0.921.0> exit with reason no case clause matching closed in cowboy_protocol:execute/4 line 514 in context child_terminated
2013-05-03 06:37:29.904 [error] emulator Error in process <0.947.0> on node 'zdft@localhost' with exit value: {{case_clause,closed},[{cowboy_protocol,execute,4,[{file,"src/cowboy_protocol.erl"},{line,514}]}]}


2013-05-03 06:37:29.904 [error] <0.148.0> Supervisor {<0.148.0>,ranch_conns_sup} had child ranch_conns_sup started with {ranch_conns_sup,start_protocol,undefined} at <0.947.0> exit with reason no case clause matching closed in cowboy_protocol:execute/4 line 514 in context child_terminated
2013-05-03 06:41:11.446 [error] <0.352.0> ** Boss Service Handler zdft_ocr_websocket terminating in handle_incoming/4
   for the reason error:badarg
ServiceUrl: "/websocket/ocr"
WebSocketId: <0.995.0>
SessionId  : <<"8ae0c9ff05c0153a8e10d07a454212201a35a021">>
Message    : <<"{\"code\":\"123\"}">>
State    : {state,{dict,1,16,16,8,80,48,{[],[],[],[],[],[],[],[],[],[],[],[],[],[],[],[]},{{[],[],[],[],[],[],[],[],[],[],[],[],[],[],[[<0.995.0>|<<"8ae0c9ff05c0153a8e10d07a454212201a35a021">>]],[]}}}}
** Stacktrace: [{erlang,list_to_pid,[undefined],[]},{zdft_ocr_websocket,handle_incoming,5,[{file,"/home/jackie/Erlang/projects/zdft/src/websocket/zdft_ocr_websocket.erl"},{line,59}]},{boss_service_worker,handle_cast,2,[{file,"src/boss/boss_service_worker.erl"},{line,175}]},{gen_server,handle_msg,5,[{file,"gen_server.erl"},{line,607}]},{proc_lib,init_p_do_apply,3,[{file,"proc_lib.erl"},{line,239}]}]


2013-05-03 06:41:11.451 [error] <0.352.0> gen_server zdft_ocr_websocket terminated with reason: bad return value: ok
2013-05-03 06:41:11.451 [error] <0.352.0> CRASH REPORT Process <0.352.0> with 0 neighbours exited with reason: bad return value: ok in gen_server:terminate/6 line 747
2013-05-03 06:41:11.451 [error] <0.135.0> Supervisor {global,boss_service_sup} had child zdft_ocr_websocket started with boss_service_worker:start_link(zdft_ocr_websocket, <<"/websocket/ocr">>) at <0.352.0> exit with reason bad return value: ok in context child_terminated
2013-05-03 06:42:00.452 [error] emulator Error in process <0.997.0> on node 'zdft@localhost' with exit value: {{case_clause,closed},[{cowboy_protocol,execute,4,[{file,"src/cowboy_protocol.erl"},{line,514}]}]}


2013-05-03 06:42:00.453 [error] <0.148.0> Supervisor {<0.148.0>,ranch_conns_sup} had child ranch_conns_sup started with {ranch_conns_sup,start_protocol,undefined} at <0.997.0> exit with reason no case clause matching closed in cowboy_protocol:execute/4 line 514 in context child_terminated
2013-05-03 06:44:03.372 [error] <0.1002.0> ** Boss Service Handler zdft_ocr_websocket terminating in handle_incoming/4
   for the reason error:badarg
ServiceUrl: "/websocket/ocr"
WebSocketId: <0.1013.0>
SessionId  : <<"8ae0c9ff05c0153a8e10d07a454212201a35a021">>
Message    : <<"{\"pid\":\"60,48,46,49,48,48,51,46,48,62\",\"code\":\"576fg\"}">>
State    : {state,{dict,1,16,16,8,80,48,{[],[],[],[],[],[],[],[],[],[],[],[],[],[],[],[]},{{[[<0.1013.0>|<<"8ae0c9ff05c0153a8e10d07a454212201a35a021">>]],[],[],[],[],[],[],[],[],[],[],[],[],[],[],[]}}}}
** Stacktrace: [{erlang,list_to_pid,[<<"60,48,46,49,48,48,51,46,48,62">>],[]},{zdft_ocr_websocket,handle_incoming,5,[{file,"/home/jackie/Erlang/projects/zdft/src/websocket/zdft_ocr_websocket.erl"},{line,59}]},{boss_service_worker,handle_cast,2,[{file,"src/boss/boss_service_worker.erl"},{line,175}]},{gen_server,handle_msg,5,[{file,"gen_server.erl"},{line,607}]},{proc_lib,init_p_do_apply,3,[{file,"proc_lib.erl"},{line,239}]}]


2013-05-03 06:44:03.372 [error] <0.1002.0> gen_server zdft_ocr_websocket terminated with reason: bad return value: ok
2013-05-03 06:44:03.372 [error] <0.1002.0> CRASH REPORT Process <0.1002.0> with 0 neighbours exited with reason: bad return value: ok in gen_server:terminate/6 line 747
2013-05-03 06:44:03.373 [error] <0.135.0> Supervisor {global,boss_service_sup} had child zdft_ocr_websocket started with boss_service_worker:start_link(zdft_ocr_websocket, <<"/websocket/ocr">>) at <0.1002.0> exit with reason bad return value: ok in context child_terminated
2013-05-03 06:46:53.842 [error] <0.1018.0> ** Boss Service Handler zdft_ocr_websocket terminating in handle_incoming/4
   for the reason error:badarg
ServiceUrl: "/websocket/ocr"
WebSocketId: <0.1033.0>
SessionId  : <<"8ae0c9ff05c0153a8e10d07a454212201a35a021">>
Message    : <<"{\"pid\":\"60,48,46,49,48,51,53,46,48,62\",\"code\":\"576fg\"}">>
State    : {state,{dict,1,16,16,8,80,48,{[],[],[],[],[],[],[],[],[],[],[],[],[],[],[],[]},{{[],[],[],[],[],[],[],[],[],[],[],[],[],[[<0.1033.0>|<<"8ae0c9ff05c0153a8e10d07a454212201a35a021">>]],[],[]}}}}
** Stacktrace: [{erlang,list_to_pid,[<<"60,48,46,49,48,51,53,46,48,62">>],[]},{zdft_ocr_websocket,handle_incoming,5,[{file,"/home/jackie/Erlang/projects/zdft/src/websocket/zdft_ocr_websocket.erl"},{line,59}]},{boss_service_worker,handle_cast,2,[{file,"src/boss/boss_service_worker.erl"},{line,175}]},{gen_server,handle_msg,5,[{file,"gen_server.erl"},{line,607}]},{proc_lib,init_p_do_apply,3,[{file,"proc_lib.erl"},{line,239}]}]


2013-05-03 06:46:53.842 [error] <0.1018.0> gen_server zdft_ocr_websocket terminated with reason: bad return value: ok
2013-05-03 06:46:53.842 [error] <0.1018.0> CRASH REPORT Process <0.1018.0> with 0 neighbours exited with reason: bad return value: ok in gen_server:terminate/6 line 747
2013-05-03 06:46:53.842 [error] <0.135.0> Supervisor {global,boss_service_sup} had child zdft_ocr_websocket started with boss_service_worker:start_link(zdft_ocr_websocket, <<"/websocket/ocr">>) at <0.1018.0> exit with reason bad return value: ok in context child_terminated
2013-05-03 06:48:37.066 [error] <0.1040.0> ** Boss Service Handler zdft_ocr_websocket terminating in handle_incoming/4
   for the reason error:badarg
ServiceUrl: "/websocket/ocr"
WebSocketId: <0.1047.0>
SessionId  : <<"8ae0c9ff05c0153a8e10d07a454212201a35a021">>
Message    : <<"{\"pid\":\"60,48,46,49,48,52,57,46,48,62\",\"code\":\"1234\"}">>
State    : {state,{dict,1,16,16,8,80,48,{[],[],[],[],[],[],[],[],[],[],[],[],[],[],[],[]},{{[],[],[],[],[],[],[],[],[],[],[],[[<0.1047.0>|<<"8ae0c9ff05c0153a8e10d07a454212201a35a021">>]],[],[],[],[]}}}}
** Stacktrace: [{erlang,list_to_pid,[<<"60,48,46,49,48,52,57,46,48,62">>],[]},{zdft_ocr_websocket,handle_incoming,5,[{file,"/home/jackie/Erlang/projects/zdft/src/websocket/zdft_ocr_websocket.erl"},{line,59}]},{boss_service_worker,handle_cast,2,[{file,"src/boss/boss_service_worker.erl"},{line,175}]},{gen_server,handle_msg,5,[{file,"gen_server.erl"},{line,607}]},{proc_lib,init_p_do_apply,3,[{file,"proc_lib.erl"},{line,239}]}]


2013-05-03 06:48:37.066 [error] <0.1040.0> gen_server zdft_ocr_websocket terminated with reason: bad return value: ok
2013-05-03 06:48:37.066 [error] <0.1040.0> CRASH REPORT Process <0.1040.0> with 0 neighbours exited with reason: bad return value: ok in gen_server:terminate/6 line 747
2013-05-03 06:48:37.066 [error] <0.135.0> Supervisor {global,boss_service_sup} had child zdft_ocr_websocket started with boss_service_worker:start_link(zdft_ocr_websocket, <<"/websocket/ocr">>) at <0.1040.0> exit with reason bad return value: ok in context child_terminated
2013-05-03 06:53:05.040 [error] <0.1054.0> ** Boss Service Handler zdft_ocr_websocket terminating in handle_incoming/4
   for the reason error:badarg
ServiceUrl: "/websocket/ocr"
WebSocketId: <0.1059.0>
SessionId  : <<"8ae0c9ff05c0153a8e10d07a454212201a35a021">>
Message    : <<"{\"pid\":\"60,48,46,49,48,53,53,46,48,62\",\"code\":\"123\"}">>
State    : {state,{dict,1,16,16,8,80,48,{[],[],[],[],[],[],[],[],[],[],[],[],[],[],[],[]},{{[],[],[],[],[],[],[],[[<0.1059.0>|<<"8ae0c9ff05c0153a8e10d07a454212201a35a021">>]],[],[],[],[],[],[],[],[]}}}}
** Stacktrace: [{erlang,list_to_pid,[<<"60,48,46,49,48,53,53,46,48,62">>],[]},{zdft_ocr_websocket,handle_incoming,5,[{file,"/home/jackie/Erlang/projects/zdft/src/websocket/zdft_ocr_websocket.erl"},{line,59}]},{boss_service_worker,handle_cast,2,[{file,"src/boss/boss_service_worker.erl"},{line,175}]},{gen_server,handle_msg,5,[{file,"gen_server.erl"},{line,607}]},{proc_lib,init_p_do_apply,3,[{file,"proc_lib.erl"},{line,239}]}]


2013-05-03 06:53:05.040 [error] <0.1054.0> gen_server zdft_ocr_websocket terminated with reason: bad return value: ok
2013-05-03 06:53:05.040 [error] <0.1054.0> CRASH REPORT Process <0.1054.0> with 0 neighbours exited with reason: bad return value: ok in gen_server:terminate/6 line 747
2013-05-03 06:53:05.040 [error] <0.135.0> Supervisor {global,boss_service_sup} had child zdft_ocr_websocket started with boss_service_worker:start_link(zdft_ocr_websocket, <<"/websocket/ocr">>) at <0.1054.0> exit with reason bad return value: ok in context child_terminated
2013-05-03 07:08:29.536 [error] <0.1064.0> ** Boss Service Handler zdft_ocr_websocket terminating in handle_incoming/4
   for the reason error:badarg
ServiceUrl: "/websocket/ocr"
WebSocketId: <0.1095.0>
SessionId  : <<"8ae0c9ff05c0153a8e10d07a454212201a35a021">>
Message    : <<"{\"pid\":[\"60\",\"48\",\"46\",\"49\",\"48\",\"56\",\"53\",\"46\",\"48\",\"62\"],\"code\":\"123\"}">>
State    : {state,{dict,1,16,16,8,80,48,{[],[],[],[],[],[],[],[],[],[],[],[],[],[],[],[]},{{[],[],[],[],[],[],[],[],[],[],[],[[<0.1095.0>|<<"8ae0c9ff05c0153a8e10d07a454212201a35a021">>]],[],[],[],[]}}}}
** Stacktrace: [{erlang,list_to_pid,[[<<"60">>,<<"48">>,<<"46">>,<<"49">>,<<"48">>,<<"56">>,<<"53">>,<<"46">>,<<"48">>,<<"62">>]],[]},{zdft_ocr_websocket,handle_incoming,5,[{file,"/home/jackie/Erlang/projects/zdft/src/websocket/zdft_ocr_websocket.erl"},{line,59}]},{boss_service_worker,handle_cast,2,[{file,"src/boss/boss_service_worker.erl"},{line,175}]},{gen_server,handle_msg,5,[{file,"gen_server.erl"},{line,607}]},{proc_lib,init_p_do_apply,3,[{file,"proc_lib.erl"},{line,239}]}]


2013-05-03 07:08:29.537 [error] <0.1064.0> gen_server zdft_ocr_websocket terminated with reason: bad return value: ok
2013-05-03 07:08:29.537 [error] <0.1064.0> CRASH REPORT Process <0.1064.0> with 0 neighbours exited with reason: bad return value: ok in gen_server:terminate/6 line 747
2013-05-03 07:08:29.538 [error] <0.135.0> Supervisor {global,boss_service_sup} had child zdft_ocr_websocket started with boss_service_worker:start_link(zdft_ocr_websocket, <<"/websocket/ocr">>) at <0.1064.0> exit with reason bad return value: ok in context child_terminated
2013-05-03 07:09:21.131 [error] emulator Error in process <0.1085.0> on node 'zdft@localhost' with exit value: {{case_clause,closed},[{cowboy_protocol,execute,4,[{file,"src/cowboy_protocol.erl"},{line,514}]}]}


2013-05-03 07:09:21.131 [error] <0.148.0> Supervisor {<0.148.0>,ranch_conns_sup} had child ranch_conns_sup started with {ranch_conns_sup,start_protocol,undefined} at <0.1085.0> exit with reason no case clause matching closed in cowboy_protocol:execute/4 line 514 in context child_terminated
2013-05-03 07:13:55.901 [error] emulator Error in process <0.1101.0> on node 'zdft@localhost' with exit value: {{case_clause,closed},[{cowboy_protocol,execute,4,[{file,"src/cowboy_protocol.erl"},{line,514}]}]}


2013-05-03 07:13:55.901 [error] <0.148.0> Supervisor {<0.148.0>,ranch_conns_sup} had child ranch_conns_sup started with {ranch_conns_sup,start_protocol,undefined} at <0.1101.0> exit with reason no case clause matching closed in cowboy_protocol:execute/4 line 514 in context child_terminated
2013-05-03 07:20:57.489 [error] emulator Error in process <0.1170.0> on node 'zdft@localhost' with exit value: {{case_clause,closed},[{cowboy_protocol,execute,4,[{file,"src/cowboy_protocol.erl"},{line,514}]}]}


2013-05-03 07:20:57.489 [error] <0.148.0> Supervisor {<0.148.0>,ranch_conns_sup} had child ranch_conns_sup started with {ranch_conns_sup,start_protocol,undefined} at <0.1170.0> exit with reason no case clause matching closed in cowboy_protocol:execute/4 line 514 in context child_terminated
2013-05-03 07:21:07.242 [error] emulator Error in process <0.1174.0> on node 'zdft@localhost' with exit value: {{case_clause,closed},[{cowboy_protocol,execute,4,[{file,"src/cowboy_protocol.erl"},{line,514}]}]}


2013-05-03 07:21:07.242 [error] <0.148.0> Supervisor {<0.148.0>,ranch_conns_sup} had child ranch_conns_sup started with {ranch_conns_sup,start_protocol,undefined} at <0.1174.0> exit with reason no case clause matching closed in cowboy_protocol:execute/4 line 514 in context child_terminated
2013-05-03 07:21:15.814 [error] emulator Error in process <0.1178.0> on node 'zdft@localhost' with exit value: {{case_clause,closed},[{cowboy_protocol,execute,4,[{file,"src/cowboy_protocol.erl"},{line,514}]}]}


2013-05-03 07:21:15.814 [error] <0.148.0> Supervisor {<0.148.0>,ranch_conns_sup} had child ranch_conns_sup started with {ranch_conns_sup,start_protocol,undefined} at <0.1178.0> exit with reason no case clause matching closed in cowboy_protocol:execute/4 line 514 in context child_terminated
2013-05-03 07:21:57.068 [error] emulator Error in process <0.1200.0> on node 'zdft@localhost' with exit value: {{case_clause,closed},[{cowboy_protocol,execute,4,[{file,"src/cowboy_protocol.erl"},{line,514}]}]}


2013-05-03 07:21:57.068 [error] <0.148.0> Supervisor {<0.148.0>,ranch_conns_sup} had child ranch_conns_sup started with {ranch_conns_sup,start_protocol,undefined} at <0.1200.0> exit with reason no case clause matching closed in cowboy_protocol:execute/4 line 514 in context child_terminated
2013-05-03 07:23:30.152 [error] emulator Error in process <0.1216.0> on node 'zdft@localhost' with exit value: {{case_clause,closed},[{cowboy_protocol,execute,4,[{file,"src/cowboy_protocol.erl"},{line,514}]}]}


2013-05-03 07:23:30.152 [error] <0.148.0> Supervisor {<0.148.0>,ranch_conns_sup} had child ranch_conns_sup started with {ranch_conns_sup,start_protocol,undefined} at <0.1216.0> exit with reason no case clause matching closed in cowboy_protocol:execute/4 line 514 in context child_terminated
2013-05-03 07:23:53.498 [error] emulator Error in process <0.1232.0> on node 'zdft@localhost' with exit value: {{case_clause,closed},[{cowboy_protocol,execute,4,[{file,"src/cowboy_protocol.erl"},{line,514}]}]}


2013-05-03 07:23:53.498 [error] <0.148.0> Supervisor {<0.148.0>,ranch_conns_sup} had child ranch_conns_sup started with {ranch_conns_sup,start_protocol,undefined} at <0.1232.0> exit with reason no case clause matching closed in cowboy_protocol:execute/4 line 514 in context child_terminated
2013-05-03 07:25:10.754 [error] emulator Error in process <0.1236.0> on node 'zdft@localhost' with exit value: {{case_clause,closed},[{cowboy_protocol,execute,4,[{file,"src/cowboy_protocol.erl"},{line,514}]}]}


2013-05-03 07:25:10.755 [error] <0.148.0> Supervisor {<0.148.0>,ranch_conns_sup} had child ranch_conns_sup started with {ranch_conns_sup,start_protocol,undefined} at <0.1236.0> exit with reason no case clause matching closed in cowboy_protocol:execute/4 line 514 in context child_terminated
2013-05-03 07:25:30.094 [error] emulator Error in process <0.1250.0> on node 'zdft@localhost' with exit value: {{case_clause,closed},[{cowboy_protocol,execute,4,[{file,"src/cowboy_protocol.erl"},{line,514}]}]}


2013-05-03 07:25:30.094 [error] <0.148.0> Supervisor {<0.148.0>,ranch_conns_sup} had child ranch_conns_sup started with {ranch_conns_sup,start_protocol,undefined} at <0.1250.0> exit with reason no case clause matching closed in cowboy_protocol:execute/4 line 514 in context child_terminated
2013-05-03 07:25:56.769 [error] emulator Error in process <0.1276.0> on node 'zdft@localhost' with exit value: {{case_clause,closed},[{cowboy_protocol,execute,4,[{file,"src/cowboy_protocol.erl"},{line,514}]}]}


2013-05-03 07:25:56.769 [error] <0.148.0> Supervisor {<0.148.0>,ranch_conns_sup} had child ranch_conns_sup started with {ranch_conns_sup,start_protocol,undefined} at <0.1276.0> exit with reason no case clause matching closed in cowboy_protocol:execute/4 line 514 in context child_terminated
2013-05-03 07:28:33.015 [error] emulator Error in process <0.1314.0> on node 'zdft@localhost' with exit value: {{case_clause,closed},[{cowboy_protocol,execute,4,[{file,"src/cowboy_protocol.erl"},{line,514}]}]}


2013-05-03 07:28:33.015 [error] <0.148.0> Supervisor {<0.148.0>,ranch_conns_sup} had child ranch_conns_sup started with {ranch_conns_sup,start_protocol,undefined} at <0.1314.0> exit with reason no case clause matching closed in cowboy_protocol:execute/4 line 514 in context child_terminated
2013-05-03 07:28:44.149 [error] emulator Error in process <0.1330.0> on node 'zdft@localhost' with exit value: {{case_clause,closed},[{cowboy_protocol,execute,4,[{file,"src/cowboy_protocol.erl"},{line,514}]}]}


2013-05-03 07:28:44.149 [error] <0.148.0> Supervisor {<0.148.0>,ranch_conns_sup} had child ranch_conns_sup started with {ranch_conns_sup,start_protocol,undefined} at <0.1330.0> exit with reason no case clause matching closed in cowboy_protocol:execute/4 line 514 in context child_terminated
2013-05-03 07:29:40.382 [error] emulator Error in process <0.1349.0> on node 'zdft@localhost' with exit value: {{case_clause,closed},[{cowboy_protocol,execute,4,[{file,"src/cowboy_protocol.erl"},{line,514}]}]}


2013-05-03 07:29:40.382 [error] <0.148.0> Supervisor {<0.148.0>,ranch_conns_sup} had child ranch_conns_sup started with {ranch_conns_sup,start_protocol,undefined} at <0.1349.0> exit with reason no case clause matching closed in cowboy_protocol:execute/4 line 514 in context child_terminated
2013-05-03 07:30:06.126 [error] emulator Error in process <0.1378.0> on node 'zdft@localhost' with exit value: {{case_clause,closed},[{cowboy_protocol,execute,4,[{file,"src/cowboy_protocol.erl"},{line,514}]}]}


2013-05-03 07:30:06.126 [error] <0.148.0> Supervisor {<0.148.0>,ranch_conns_sup} had child ranch_conns_sup started with {ranch_conns_sup,start_protocol,undefined} at <0.1378.0> exit with reason no case clause matching closed in cowboy_protocol:execute/4 line 514 in context child_terminated
2013-05-03 07:30:55.204 [error] emulator Error in process <0.1394.0> on node 'zdft@localhost' with exit value: {{case_clause,closed},[{cowboy_protocol,execute,4,[{file,"src/cowboy_protocol.erl"},{line,514}]}]}


2013-05-03 07:30:55.204 [error] <0.148.0> Supervisor {<0.148.0>,ranch_conns_sup} had child ranch_conns_sup started with {ranch_conns_sup,start_protocol,undefined} at <0.1394.0> exit with reason no case clause matching closed in cowboy_protocol:execute/4 line 514 in context child_terminated
2013-05-03 07:31:02.675 [error] emulator Error in process <0.1398.0> on node 'zdft@localhost' with exit value: {{case_clause,closed},[{cowboy_protocol,execute,4,[{file,"src/cowboy_protocol.erl"},{line,514}]}]}


2013-05-03 07:31:02.675 [error] <0.148.0> Supervisor {<0.148.0>,ranch_conns_sup} had child ranch_conns_sup started with {ranch_conns_sup,start_protocol,undefined} at <0.1398.0> exit with reason no case clause matching closed in cowboy_protocol:execute/4 line 514 in context child_terminated
2013-05-03 07:31:31.119 [error] emulator Error in process <0.1466.0> on node 'zdft@localhost' with exit value: {{case_clause,closed},[{cowboy_protocol,execute,4,[{file,"src/cowboy_protocol.erl"},{line,514}]}]}


2013-05-03 07:31:31.119 [error] <0.148.0> Supervisor {<0.148.0>,ranch_conns_sup} had child ranch_conns_sup started with {ranch_conns_sup,start_protocol,undefined} at <0.1466.0> exit with reason no case clause matching closed in cowboy_protocol:execute/4 line 514 in context child_terminated
